c:\users\surface\source\repos\courseworkpdsd\courseworkpdsd\x64\debug\vc143.pdb
c:\users\surface\source\repos\courseworkpdsd\courseworkpdsd\x64\debug\vc143.idb
c:\users\surface\source\repos\courseworkpdsd\courseworkpdsd\x64\debug\structurerealisation.obj
c:\users\surface\source\repos\courseworkpdsd\courseworkpdsd\x64\debug\set_cont_set_kopylov.obj
c:\users\surface\source\repos\courseworkpdsd\courseworkpdsd\x64\debug\setrealisation.obj
c:\users\surface\source\repos\courseworkpdsd\courseworkpdsd\x64\debug\listrealisation.obj
c:\users\surface\source\repos\courseworkpdsd\courseworkpdsd\x64\debug\dequerealisation.obj
c:\users\surface\source\repos\courseworkpdsd\courseworkpdsd\x64\debug\courseworkpdsd.obj
c:\users\surface\source\repos\courseworkpdsd\courseworkpdsd\x64\debug\classrealisation.obj
c:\users\surface\source\repos\courseworkpdsd\courseworkpdsd\x64\debug\maprealisation.obj
c:\users\surface\source\repos\courseworkpdsd\x64\debug\courseworkpdsd.pdb
c:\users\surface\source\repos\courseworkpdsd\courseworkpdsd\x64\debug\courseworkpdsd.tlog\cl.command.1.tlog
c:\users\surface\source\repos\courseworkpdsd\courseworkpdsd\x64\debug\courseworkpdsd.tlog\cl.read.1.tlog
c:\users\surface\source\repos\courseworkpdsd\courseworkpdsd\x64\debug\courseworkpdsd.tlog\cl.write.1.tlog
c:\users\surface\source\repos\courseworkpdsd\courseworkpdsd\x64\debug\courseworkpdsd.tlog\link-cvtres.read.1.tlog
c:\users\surface\source\repos\courseworkpdsd\courseworkpdsd\x64\debug\courseworkpdsd.tlog\link-cvtres.write.1.tlog
c:\users\surface\source\repos\courseworkpdsd\courseworkpdsd\x64\debug\courseworkpdsd.tlog\link-rc.read.1.tlog
c:\users\surface\source\repos\courseworkpdsd\courseworkpdsd\x64\debug\courseworkpdsd.tlog\link-rc.write.1.tlog
c:\users\surface\source\repos\courseworkpdsd\courseworkpdsd\x64\debug\courseworkpdsd.tlog\link.11792-cvtres.read.1.tlog
c:\users\surface\source\repos\courseworkpdsd\courseworkpdsd\x64\debug\courseworkpdsd.tlog\link.11792-cvtres.write.1.tlog
c:\users\surface\source\repos\courseworkpdsd\courseworkpdsd\x64\debug\courseworkpdsd.tlog\link.11792-rc.read.1.tlog
c:\users\surface\source\repos\courseworkpdsd\courseworkpdsd\x64\debug\courseworkpdsd.tlog\link.11792-rc.write.1.tlog
c:\users\surface\source\repos\courseworkpdsd\courseworkpdsd\x64\debug\courseworkpdsd.tlog\link.11792.read.1.tlog
c:\users\surface\source\repos\courseworkpdsd\courseworkpdsd\x64\debug\courseworkpdsd.tlog\link.11792.read.2.tlog
c:\users\surface\source\repos\courseworkpdsd\courseworkpdsd\x64\debug\courseworkpdsd.tlog\link.11792.write.1.tlog
c:\users\surface\source\repos\courseworkpdsd\courseworkpdsd\x64\debug\courseworkpdsd.tlog\link.command.1.tlog
c:\users\surface\source\repos\courseworkpdsd\courseworkpdsd\x64\debug\courseworkpdsd.tlog\link.read.1.tlog
c:\users\surface\source\repos\courseworkpdsd\courseworkpdsd\x64\debug\courseworkpdsd.tlog\link.read.2.tlog
c:\users\surface\source\repos\courseworkpdsd\courseworkpdsd\x64\debug\courseworkpdsd.tlog\link.write.1.tlog
